info it worked if it ends with ok
verbose cli [ 'node', '/usr/local/bin/npm', 'publish' ]
info using npm@1.1.2
info using node@v0.6.11
verbose /usr/local/bin/node node symlink
verbose config file /Users/dmitri/.npmrc
verbose config file /usr/local/etc/npmrc
verbose config file /usr/local/lib/node_modules/npm/npmrc
verbose publish [ '.' ]
verbose caching /usr/local/nodetime/package.json
verbose loadDefaults nodetime@0.1.1
info prepublish nodetime@0.1.1
verbose cache add [ '.', null ]
silly cache add: name, spec, args [ undefined, '.', [ '.', null ] ]
verbose parsed url { pathname: '.', path: '.', href: '.' }
verbose caching package.json
verbose loadDefaults nodetime@0.1.1
verbose pack /usr/local/nodetime
verbose pack /usr/local/nodetime /var/folders/6l/xdypfzd53717y2c0zqj3btlw0000gn/T/npm-1332750253389/1332750253389-0.44247832731343806/tmp.tgz
silly makeList /usr/local/nodetime
verbose from cache /usr/local/nodetime/package.json
silly dir, dirLen [ '/usr/local/nodetime', 20 ]
verbose tarball /var/folders/6l/xdypfzd53717y2c0zqj3btlw0000gn/T/npm-1332750253389/1332750253389-0.44247832731343806/tmp.tgz
verbose parent /usr/local/nodetime
verbose mkdir (expected) error ENOENT, no such file or directory '/var/folders/6l/xdypfzd53717y2c0zqj3btlw0000gn/T/npm-1332750253389/1332750253389-0.44247832731343806/___package.npm'
verbose mkdir done: /var/folders/6l/xdypfzd53717y2c0zqj3btlw0000gn/T/npm-1332750253389/1332750253389-0.44247832731343806/___package.npm 755
verbose unpack_ uid, gid [ undefined, undefined ]
verbose unpackTarget /var/folders/6l/xdypfzd53717y2c0zqj3btlw0000gn/T/npm-1332750253389/1332750253389-0.44247832731343806/package
silly gunzTarPerm modes [ '755', '644' ]
silly afterUntar ok
silly asyncMap in gTP /var/folders/6l/xdypfzd53717y2c0zqj3btlw0000gn/T/npm-1332750253389/1332750253389-0.44247832731343806/___package.npm/nodetime
silly asyncMap in gTP /var/folders/6l/xdypfzd53717y2c0zqj3btlw0000gn/T/npm-1332750253389/1332750253389-0.44247832731343806/___package.npm/nodetime/.npmignore
silly asyncMap in gTP /var/folders/6l/xdypfzd53717y2c0zqj3btlw0000gn/T/npm-1332750253389/1332750253389-0.44247832731343806/___package.npm/nodetime/index.js
silly asyncMap in gTP /var/folders/6l/xdypfzd53717y2c0zqj3btlw0000gn/T/npm-1332750253389/1332750253389-0.44247832731343806/___package.npm/nodetime/LICENSE
silly asyncMap in gTP /var/folders/6l/xdypfzd53717y2c0zqj3btlw0000gn/T/npm-1332750253389/1332750253389-0.44247832731343806/___package.npm/nodetime/package.json
silly asyncMap in gTP /var/folders/6l/xdypfzd53717y2c0zqj3btlw0000gn/T/npm-1332750253389/1332750253389-0.44247832731343806/___package.npm/nodetime/README.md
silly asyncMap in gTP /var/folders/6l/xdypfzd53717y2c0zqj3btlw0000gn/T/npm-1332750253389/1332750253389-0.44247832731343806/___package.npm/nodetime/lib
silly asyncMap in gTP /var/folders/6l/xdypfzd53717y2c0zqj3btlw0000gn/T/npm-1332750253389/1332750253389-0.44247832731343806/___package.npm/nodetime/lib/dtrace.js
silly asyncMap in gTP /var/folders/6l/xdypfzd53717y2c0zqj3btlw0000gn/T/npm-1332750253389/1332750253389-0.44247832731343806/___package.npm/nodetime/lib/info.js
silly asyncMap in gTP /var/folders/6l/xdypfzd53717y2c0zqj3btlw0000gn/T/npm-1332750253389/1332750253389-0.44247832731343806/___package.npm/nodetime/lib/nodetime.js
silly asyncMap in gTP /var/folders/6l/xdypfzd53717y2c0zqj3btlw0000gn/T/npm-1332750253389/1332750253389-0.44247832731343806/___package.npm/nodetime/lib/proxy.js
silly asyncMap in gTP /var/folders/6l/xdypfzd53717y2c0zqj3btlw0000gn/T/npm-1332750253389/1332750253389-0.44247832731343806/___package.npm/nodetime/lib/request.js
silly asyncMap in gTP /var/folders/6l/xdypfzd53717y2c0zqj3btlw0000gn/T/npm-1332750253389/1332750253389-0.44247832731343806/___package.npm/nodetime/lib/stats.js
silly asyncMap in gTP /var/folders/6l/xdypfzd53717y2c0zqj3btlw0000gn/T/npm-1332750253389/1332750253389-0.44247832731343806/___package.npm/nodetime/lib/sync.js
silly asyncMap in gTP /var/folders/6l/xdypfzd53717y2c0zqj3btlw0000gn/T/npm-1332750253389/1332750253389-0.44247832731343806/___package.npm/nodetime/lib/probes
silly asyncMap in gTP /var/folders/6l/xdypfzd53717y2c0zqj3btlw0000gn/T/npm-1332750253389/1332750253389-0.44247832731343806/___package.npm/nodetime/lib/probes/events.js
silly asyncMap in gTP /var/folders/6l/xdypfzd53717y2c0zqj3btlw0000gn/T/npm-1332750253389/1332750253389-0.44247832731343806/___package.npm/nodetime/lib/probes/express.js
silly asyncMap in gTP /var/folders/6l/xdypfzd53717y2c0zqj3btlw0000gn/T/npm-1332750253389/1332750253389-0.44247832731343806/___package.npm/nodetime/lib/probes/http.js
silly asyncMap in gTP /var/folders/6l/xdypfzd53717y2c0zqj3btlw0000gn/T/npm-1332750253389/1332750253389-0.44247832731343806/___package.npm/nodetime/lib/probes/https.js
silly asyncMap in gTP /var/folders/6l/xdypfzd53717y2c0zqj3btlw0000gn/T/npm-1332750253389/1332750253389-0.44247832731343806/___package.npm/nodetime/lib/probes/mongodb.js
silly asyncMap in gTP /var/folders/6l/xdypfzd53717y2c0zqj3btlw0000gn/T/npm-1332750253389/1332750253389-0.44247832731343806/___package.npm/nodetime/lib/probes/mysql.js
silly asyncMap in gTP /var/folders/6l/xdypfzd53717y2c0zqj3btlw0000gn/T/npm-1332750253389/1332750253389-0.44247832731343806/___package.npm/nodetime/lib/probes/net.js
silly asyncMap in gTP /var/folders/6l/xdypfzd53717y2c0zqj3btlw0000gn/T/npm-1332750253389/1332750253389-0.44247832731343806/___package.npm/nodetime/lib/probes/redis.js
silly asyncMap in gTP /var/folders/6l/xdypfzd53717y2c0zqj3btlw0000gn/T/npm-1332750253389/1332750253389-0.44247832731343806/___package.npm/nodetime/lib/probes/socket.io.js
verbose gunzed /var/folders/6l/xdypfzd53717y2c0zqj3btlw0000gn/T/npm-1332750253389/1332750253389-0.44247832731343806/___package.npm/nodetime
verbose rm'ed /var/folders/6l/xdypfzd53717y2c0zqj3btlw0000gn/T/npm-1332750253389/1332750253389-0.44247832731343806/package
verbose renamed [ '/var/folders/6l/xdypfzd53717y2c0zqj3btlw0000gn/T/npm-1332750253389/1332750253389-0.44247832731343806/___package.npm/nodetime',
verbose renamed   '/var/folders/6l/xdypfzd53717y2c0zqj3btlw0000gn/T/npm-1332750253389/1332750253389-0.44247832731343806/package' ]
verbose caching /var/folders/6l/xdypfzd53717y2c0zqj3btlw0000gn/T/npm-1332750253389/1332750253389-0.44247832731343806/package/package.json
verbose loadDefaults nodetime@0.1.1
verbose tarball contents [ 'package', 'tmp.tgz' ]
verbose from cache /var/folders/6l/xdypfzd53717y2c0zqj3btlw0000gn/T/npm-1332750253389/1332750253389-0.44247832731343806/package/package.json
verbose pack /var/folders/6l/xdypfzd53717y2c0zqj3btlw0000gn/T/npm-1332750253389/1332750253389-0.44247832731343806/package
verbose pack /var/folders/6l/xdypfzd53717y2c0zqj3btlw0000gn/T/npm-1332750253389/1332750253389-0.44247832731343806/package /Users/dmitri/.npm/nodetime/0.1.1/package.tgz
silly makeList /var/folders/6l/xdypfzd53717y2c0zqj3btlw0000gn/T/npm-1332750253389/1332750253389-0.44247832731343806/package
silly dir, dirLen [ '/var/folders/6l/xdypfzd53717y2c0zqj3btlw0000gn/T/npm-1332750253389/1332750253389-0.44247832731343806/package',
silly dir, dirLen   109 ]
verbose tarball /Users/dmitri/.npm/nodetime/0.1.1/package.tgz
verbose parent /var/folders/6l/xdypfzd53717y2c0zqj3btlw0000gn/T/npm-1332750253389/1332750253389-0.44247832731343806/package
verbose mkdir (expected) error ENOENT, no such file or directory '/Users/dmitri/.npm/nodetime/0.1.1/___package.npm'
verbose mkdir done: /Users/dmitri/.npm/nodetime/0.1.1/___package.npm 755
verbose unpack_ uid, gid [ undefined, undefined ]
verbose unpackTarget /Users/dmitri/.npm/nodetime/0.1.1/package
silly gunzTarPerm modes [ '755', '644' ]
silly afterUntar ok
silly asyncMap in gTP /Users/dmitri/.npm/nodetime/0.1.1/___package.npm/package
silly asyncMap in gTP /Users/dmitri/.npm/nodetime/0.1.1/___package.npm/package/.npmignore
silly asyncMap in gTP /Users/dmitri/.npm/nodetime/0.1.1/___package.npm/package/index.js
silly asyncMap in gTP /Users/dmitri/.npm/nodetime/0.1.1/___package.npm/package/LICENSE
silly asyncMap in gTP /Users/dmitri/.npm/nodetime/0.1.1/___package.npm/package/package.json
silly asyncMap in gTP /Users/dmitri/.npm/nodetime/0.1.1/___package.npm/package/README.md
silly asyncMap in gTP /Users/dmitri/.npm/nodetime/0.1.1/___package.npm/package/lib
silly asyncMap in gTP /Users/dmitri/.npm/nodetime/0.1.1/___package.npm/package/lib/dtrace.js
silly asyncMap in gTP /Users/dmitri/.npm/nodetime/0.1.1/___package.npm/package/lib/info.js
silly asyncMap in gTP /Users/dmitri/.npm/nodetime/0.1.1/___package.npm/package/lib/nodetime.js
silly asyncMap in gTP /Users/dmitri/.npm/nodetime/0.1.1/___package.npm/package/lib/proxy.js
silly asyncMap in gTP /Users/dmitri/.npm/nodetime/0.1.1/___package.npm/package/lib/request.js
silly asyncMap in gTP /Users/dmitri/.npm/nodetime/0.1.1/___package.npm/package/lib/stats.js
silly asyncMap in gTP /Users/dmitri/.npm/nodetime/0.1.1/___package.npm/package/lib/sync.js
silly asyncMap in gTP /Users/dmitri/.npm/nodetime/0.1.1/___package.npm/package/lib/probes
silly asyncMap in gTP /Users/dmitri/.npm/nodetime/0.1.1/___package.npm/package/lib/probes/events.js
silly asyncMap in gTP /Users/dmitri/.npm/nodetime/0.1.1/___package.npm/package/lib/probes/express.js
silly asyncMap in gTP /Users/dmitri/.npm/nodetime/0.1.1/___package.npm/package/lib/probes/http.js
silly asyncMap in gTP /Users/dmitri/.npm/nodetime/0.1.1/___package.npm/package/lib/probes/https.js
silly asyncMap in gTP /Users/dmitri/.npm/nodetime/0.1.1/___package.npm/package/lib/probes/mongodb.js
silly asyncMap in gTP /Users/dmitri/.npm/nodetime/0.1.1/___package.npm/package/lib/probes/mysql.js
silly asyncMap in gTP /Users/dmitri/.npm/nodetime/0.1.1/___package.npm/package/lib/probes/net.js
silly asyncMap in gTP /Users/dmitri/.npm/nodetime/0.1.1/___package.npm/package/lib/probes/redis.js
silly asyncMap in gTP /Users/dmitri/.npm/nodetime/0.1.1/___package.npm/package/lib/probes/socket.io.js
verbose gunzed /Users/dmitri/.npm/nodetime/0.1.1/___package.npm/package
verbose rm'ed /Users/dmitri/.npm/nodetime/0.1.1/package
verbose renamed [ '/Users/dmitri/.npm/nodetime/0.1.1/___package.npm/package',
verbose renamed   '/Users/dmitri/.npm/nodetime/0.1.1/package' ]
verbose caching /Users/dmitri/.npm/nodetime/0.1.1/package/package.json
verbose loadDefaults nodetime@0.1.1
silly updated sha bytes 9598
info shasum fd6c5d7bfaeb121b8ccf5026fc774a2fb6cb7630
info shasum /Users/dmitri/.npm/nodetime/0.1.1/package.tgz
verbose from cache /Users/dmitri/.npm/nodetime/0.1.1/package/package.json
verbose chmod /Users/dmitri/.npm/nodetime/0.1.1/package.tgz 644
verbose chown [ '/Users/dmitri/.npm/nodetime/0.1.1/package.tgz', 501, 20 ]
silly publish { name: 'nodetime',
silly publish   version: '0.1.1',
silly publish   description: 'Application performance profiler',
silly publish   author: { name: 'Dmitri Melikyan', email: 'dmitri@rapidlogix.com' },
silly publish   homepage: 'http://nodetime.com',
silly publish   keywords: 
silly publish    [ 'profiling',
silly publish      'instrumentation',
silly publish      'response time',
silly publish      'real-time',
silly publish      'performance',
silly publish      'bottlenecks' ],
silly publish   contributors: [],
silly publish   main: './index.js',
silly publish   directories: { lib: './lib/nodetime' },
silly publish   repository: { type: 'git', url: 'git://github.com/dmelikyan/nodetime.git' },
silly publish   dependencies: { microtime: '>=0.3.1' },
silly publish   devDependencies: 
silly publish    { express: '>=2.5.0',
silly publish      'socket.io': '>=0.9.0',
silly publish      redis: '>=0.7.0',
silly publish      mongodb: '>=0.9.0',
silly publish      mysql: '>=0.9.5' },
silly publish   engines: { node: '>=0.4.0' },
silly publish   licenses: 
silly publish    [ { type: 'MIT',
silly publish        url: 'http://github.com/dmelikyan/nodetime/raw/master/LICENSE' } ],
silly publish   _npmUser: { name: 'rapidlogix', email: 'dmitri@rapidlogix.com' },
silly publish   _id: 'nodetime@0.1.1',
silly publish   optionalDependencies: {},
silly publish   _engineSupported: true,
silly publish   _npmVersion: '1.1.2',
silly publish   _nodeVersion: 'v0.6.11',
silly publish   _defaultsLoaded: true,
silly publish   dist: 
silly publish    { shasum: 'fd6c5d7bfaeb121b8ccf5026fc774a2fb6cb7630',
silly publish      tarball: 'http://registry.npmjs.org/nodetime/-/nodetime-0.1.1.tgz' } }
verbose raw, before any munging nodetime
verbose url resolving [ 'https://registry.npmjs.org/', './nodetime' ]
verbose url resolved https://registry.npmjs.org/nodetime
http PUT https://registry.npmjs.org/nodetime
http 409 https://registry.npmjs.org/nodetime
verbose raw, before any munging nodetime
verbose url resolving [ 'https://registry.npmjs.org/', './nodetime' ]
verbose url resolved https://registry.npmjs.org/nodetime
http GET https://registry.npmjs.org/nodetime
http 200 https://registry.npmjs.org/nodetime
info Already published nodetime@0.1.1
verbose uploading bin dists []
ERR! publish fail Cannot publish over existing version.
ERR! publish fail Bump the 'version' field, set the --force flag, or
ERR! publish fail     npm unpublish 'nodetime@0.1.1'
ERR! publish fail and try again
ERR! 
ERR! System Darwin 11.3.0
ERR! command "node" "/usr/local/bin/npm" "publish"
ERR! cwd /usr/local/nodetime
ERR! node -v v0.6.11
ERR! npm -v 1.1.2
ERR! code EPUBLISHCONFLICT
ERR! message publish fail
ERR! errno {}
verbose exit [ 1, true ]
